<?xml version="1.0" encoding="UTF-8"?>
<testsuites name="Successful tests" time="38.08" tests="2" failures="0" errors="0">
   <testsuite name="Successful tests" tests="2" failures="0" errors="0" time="38.08" skipped="0" timestamp="2022-08-19 21:21:29" hostname="AMKELIAN - N5088.slake.sssb.com" id="Test Suites/Smoke Tests/Successful tests">
      <properties>
         <property name="deviceName" value=""/>
         <property name="devicePlatform" value=""/>
         <property name="logFolder" value="D:\\andylke\\projects\\andylke\\demo-katalon-jira\\demo\\Reports\\20220819_212120\\Smoke Tests\\Successful tests\\20220819_212120"/>
         <property name="logFiles" value="D:\\andylke\\projects\\andylke\\demo-katalon-jira\\demo\\Reports\\20220819_212120\\Smoke Tests\\Successful tests\\20220819_212120\\execution0.log"/>
         <property name="attachments" value=""/>
         <property name="hostName" value="AMKELIAN - N5088.slake.sssb.com"/>
         <property name="os" value="Windows 10 64bit"/>
         <property name="katalonVersion" value="8.4.1.208"/>
         <property name="browser" value="Chrome 104.0.5112.102"/>
         <property name="hostAddress" value="192.168.56.1"/>
         <property name="sessionId" value="c55a11d44053a93c3e5619db0122895d"/>
         <property name="seleniumVersion" value="3.141.59"/>
         <property name="proxyInformation" value="ProxyInformation { proxyOption=NO_PROXY, proxyServerType=HTTP, username=, password=********, proxyServerAddress=, proxyServerPort=0, executionList=&quot;&quot;, isApplyToDesiredCapabilities=true }"/>
         <property name="platform" value="Windows 10"/>
      </properties>
      <testcase name="Test Cases/UI Testing/Tests/Login Test/User should login successfully with a valid account" time="16.558" classname="Test Cases/UI Testing/Tests/Login Test/User should login successfully with a valid account" status="PASSED">
         <system-out><![CDATA[2022-08-19 21:21:29 - [TEST_CASE][PASSED] - Test Cases/UI Testing/Tests/Login Test/User should login successfully with a valid account: Test Cases/UI Testing/Tests/Login Test/User should login successfully with a valid account

2022-08-19 21:21:29 - [TEST_STEP][ERROR] - Start listener action : beforeTestcase: groovy.lang.MissingPropertyException: No such property: url for class: internal.GlobalVariable
	at TestListener.beforeTestcase(TestListener.groovy:38)
	at TestListener.invokeMethod(TestListener.groovy)
	at com.kms.katalon.core.context.internal.TestHooker.invokeMethod(TestHooker.java:111)
	at com.kms.katalon.core.context.internal.TestHooker.lambda$3(TestHooker.java:95)
	at com.kms.katalon.core.context.internal.TestHooker.invokeContextMethods(TestHooker.java:94)
	at com.kms.katalon.core.context.internal.TestListenerCollector.lambda$3(TestListenerCollector.java:88)
	at com.kms.katalon.core.context.internal.TestListenerCollector.handleListenerEvent(TestListenerCollector.java:85)
	at com.kms.katalon.core.context.internal.ExecutionEventManager.publicEvent(ExecutionEventManager.java:36)
	at com.kms.katalon.core.main.TestCaseExecutor.execute(TestCaseExecutor.java:268)
	at com.kms.katalon.core.common.CommonExecutor.accessTestCaseMainPhase(CommonExecutor.java:65)
	at com.kms.katalon.core.main.TestSuiteExecutor.accessTestSuiteMainPhase(TestSuiteExecutor.java:144)
	at com.kms.katalon.core.main.TestSuiteExecutor.execute(TestSuiteExecutor.java:106)
	at com.kms.katalon.core.main.TestCaseMain.startTestSuite(TestCaseMain.java:185)
	at com.kms.katalon.core.main.TestCaseMain$startTestSuite$0.call(Unknown Source)
	at TempTestSuite1660915280550.run(TempTestSuite1660915280550.groovy:36)


2022-08-19 21:21:29 - [TEST_STEP][PASSED] - if (getTestCaseId().contains("API Testing")): null

2022-08-19 21:21:29 - [TEST_STEP][PASSED] - openBrowser(""): Browser is opened with url: ''

2022-08-19 21:21:30 - [MESSAGE][INFO] - Starting 'Chrome' driver

2022-08-19 21:21:30 - [MESSAGE][INFO] - Action delay is set to 500 milliseconds

2022-08-19 21:21:33 - [MESSAGE][PASSED] - Browser is opened with url: ''

2022-08-19 21:21:33 - [TEST_STEP][PASSED] - maximizeWindow(): Current window maximized

2022-08-19 21:21:33 - [MESSAGE][PASSED] - Current window maximized

2022-08-19 21:21:33 - [TEST_STEP][ERROR] - navigateToUrl(url): groovy.lang.MissingPropertyException: No such property: url for class: internal.GlobalVariable
	at TestListener.beforeTestcase(TestListener.groovy:38)
	at TestListener.invokeMethod(TestListener.groovy)
	at com.kms.katalon.core.context.internal.TestHooker.invokeMethod(TestHooker.java:111)
	at com.kms.katalon.core.context.internal.TestHooker.lambda$3(TestHooker.java:95)
	at com.kms.katalon.core.context.internal.TestHooker.invokeContextMethods(TestHooker.java:94)
	at com.kms.katalon.core.context.internal.TestListenerCollector.lambda$3(TestListenerCollector.java:88)
	at com.kms.katalon.core.context.internal.TestListenerCollector.handleListenerEvent(TestListenerCollector.java:85)
	at com.kms.katalon.core.context.internal.ExecutionEventManager.publicEvent(ExecutionEventManager.java:36)
	at com.kms.katalon.core.main.TestCaseExecutor.execute(TestCaseExecutor.java:268)
	at com.kms.katalon.core.common.CommonExecutor.accessTestCaseMainPhase(CommonExecutor.java:65)
	at com.kms.katalon.core.main.TestSuiteExecutor.accessTestSuiteMainPhase(TestSuiteExecutor.java:144)
	at com.kms.katalon.core.main.TestSuiteExecutor.execute(TestSuiteExecutor.java:106)
	at com.kms.katalon.core.main.TestCaseMain.startTestSuite(TestCaseMain.java:185)
	at com.kms.katalon.core.main.TestCaseMain$startTestSuite$0.call(Unknown Source)
	at TempTestSuite1660915280550.run(TempTestSuite1660915280550.groovy:36)


2022-08-19 21:21:33 - [MESSAGE][ERROR] - groovy.lang.MissingPropertyException: No such property: url for class: internal.GlobalVariable
	at TestListener.beforeTestcase(TestListener.groovy:38)
	at TestListener.invokeMethod(TestListener.groovy)
	at com.kms.katalon.core.context.internal.TestHooker.invokeMethod(TestHooker.java:111)
	at com.kms.katalon.core.context.internal.TestHooker.lambda$3(TestHooker.java:95)
	at com.kms.katalon.core.context.internal.TestHooker.invokeContextMethods(TestHooker.java:94)
	at com.kms.katalon.core.context.internal.TestListenerCollector.lambda$3(TestListenerCollector.java:88)
	at com.kms.katalon.core.context.internal.TestListenerCollector.handleListenerEvent(TestListenerCollector.java:85)
	at com.kms.katalon.core.context.internal.ExecutionEventManager.publicEvent(ExecutionEventManager.java:36)
	at com.kms.katalon.core.main.TestCaseExecutor.execute(TestCaseExecutor.java:268)
	at com.kms.katalon.core.common.CommonExecutor.accessTestCaseMainPhase(CommonExecutor.java:65)
	at com.kms.katalon.core.main.TestSuiteExecutor.accessTestSuiteMainPhase(TestSuiteExecutor.java:144)
	at com.kms.katalon.core.main.TestSuiteExecutor.execute(TestSuiteExecutor.java:106)
	at com.kms.katalon.core.main.TestCaseMain.startTestSuite(TestCaseMain.java:185)
	at com.kms.katalon.core.main.TestCaseMain$startTestSuite$0.call(Unknown Source)
	at TempTestSuite1660915280550.run(TempTestSuite1660915280550.groovy:36)


2022-08-19 21:21:33 - [TEST_STEP][PASSED] - callTestCase(findTestCase("UI Testing/Pages/Open Browser/Open the Login page"), [:], STOP_ON_FAILURE): Call Test Case 'Test Cases/UI Testing/Pages/Open Browser/Open the Login page' successfully

2022-08-19 21:21:33 - [TEST_CASE][PASSED] - Test Cases/UI Testing/Pages/Open Browser/Open the Login page: Test Cases/UI Testing/Pages/Open Browser/Open the Login page

2022-08-19 21:21:34 - [TEST_STEP][PASSED] - openBrowser(LoginUrl): Browser is opened with url: 'http://localhost:8080/login.jsp'

2022-08-19 21:21:34 - [MESSAGE][WARNING] - A browser is already opened. Closing browser and opening a new one

2022-08-19 21:21:35 - [MESSAGE][INFO] - Starting 'Chrome' driver

2022-08-19 21:21:35 - [MESSAGE][INFO] - Action delay is set to 500 milliseconds

2022-08-19 21:21:37 - [MESSAGE][PASSED] - Browser is opened with url: 'http://localhost:8080/login.jsp'

2022-08-19 21:21:37 - [MESSAGE][PASSED] - Call Test Case 'Test Cases/UI Testing/Pages/Open Browser/Open the Login page' successfully

2022-08-19 21:21:37 - [TEST_STEP][PASSED] - verifyTextPresent("Welcome to JIRA", false): Text 'Welcome to JIRA' is present on page 

2022-08-19 21:21:38 - [MESSAGE][PASSED] - Text 'Welcome to JIRA' is present on page 

2022-08-19 21:21:38 - [TEST_STEP][PASSED] - callTestCase(findTestCase("UI Testing/Pages/Login Page/Login with username and password"), ["username":LoginUsername, "password":LoginPassword], STOP_ON_FAILURE): Call Test Case 'Test Cases/UI Testing/Pages/Login Page/Login with username and password' successfully

2022-08-19 21:21:38 - [TEST_CASE][PASSED] - Test Cases/UI Testing/Pages/Login Page/Login with username and password: Test Cases/UI Testing/Pages/Login Page/Login with username and password

2022-08-19 21:21:38 - [TEST_STEP][PASSED] - setText(findTestObject("UI Test Objects/Pages/Login Page/elUsername"), username): Text 'admin' is set on object 'Object Repository/UI Test Objects/Pages/Login Page/elUsername'

2022-08-19 21:21:40 - [MESSAGE][PASSED] - Text 'admin' is set on object 'Object Repository/UI Test Objects/Pages/Login Page/elUsername'

2022-08-19 21:21:40 - [TEST_STEP][PASSED] - setText(findTestObject("UI Test Objects/Pages/Login Page/elPassword"), password): Text 'admin@123' is set on object 'Object Repository/UI Test Objects/Pages/Login Page/elPassword'

2022-08-19 21:21:42 - [MESSAGE][PASSED] - Text 'admin@123' is set on object 'Object Repository/UI Test Objects/Pages/Login Page/elPassword'

2022-08-19 21:21:42 - [TEST_STEP][PASSED] - click(findTestObject("UI Test Objects/Pages/Login Page/elLogin")): Object: 'Object Repository/UI Test Objects/Pages/Login Page/elLogin' is clicked on

2022-08-19 21:21:43 - [MESSAGE][PASSED] - Object: 'Object Repository/UI Test Objects/Pages/Login Page/elLogin' is clicked on

2022-08-19 21:21:43 - [MESSAGE][PASSED] - Call Test Case 'Test Cases/UI Testing/Pages/Login Page/Login with username and password' successfully

2022-08-19 21:21:43 - [TEST_STEP][PASSED] - verifyTextPresent("System Dashboard", false): Text 'System Dashboard' is present on page 

2022-08-19 21:21:45 - [MESSAGE][PASSED] - Text 'System Dashboard' is present on page 

2022-08-19 21:21:45 - [TEST_STEP][PASSED] - Start listener action : afterTestcase: Browser is closed

2022-08-19 21:21:45 - [TEST_STEP][PASSED] - if (getTestCaseId().contains("API Testing")): null

2022-08-19 21:21:45 - [TEST_STEP][PASSED] - closeBrowser(): Browser is closed

2022-08-19 21:21:46 - [MESSAGE][PASSED] - Browser is closed]]></system-out>
         <system-err><![CDATA[]]></system-err>
      </testcase>
      <testcase name="Test Cases/UI Testing/Tests/Create Issue Test/User should be able to create issue successfully" time="21.264" classname="Test Cases/UI Testing/Tests/Create Issue Test/User should be able to create issue successfully" status="PASSED">
         <system-out><![CDATA[2022-08-19 21:21:46 - [TEST_CASE][PASSED] - Test Cases/UI Testing/Tests/Create Issue Test/User should be able to create issue successfully: Test Cases/UI Testing/Tests/Create Issue Test/User should be able to create issue successfully

2022-08-19 21:21:46 - [TEST_STEP][ERROR] - Start listener action : beforeTestcase: groovy.lang.MissingPropertyException: No such property: url for class: internal.GlobalVariable
	at TestListener.beforeTestcase(TestListener.groovy:38)
	at TestListener.invokeMethod(TestListener.groovy)
	at com.kms.katalon.core.context.internal.TestHooker.invokeMethod(TestHooker.java:111)
	at com.kms.katalon.core.context.internal.TestHooker.lambda$3(TestHooker.java:95)
	at com.kms.katalon.core.context.internal.TestHooker.invokeContextMethods(TestHooker.java:94)
	at com.kms.katalon.core.context.internal.TestListenerCollector.lambda$3(TestListenerCollector.java:88)
	at com.kms.katalon.core.context.internal.TestListenerCollector.handleListenerEvent(TestListenerCollector.java:85)
	at com.kms.katalon.core.context.internal.ExecutionEventManager.publicEvent(ExecutionEventManager.java:36)
	at com.kms.katalon.core.main.TestCaseExecutor.execute(TestCaseExecutor.java:268)
	at com.kms.katalon.core.common.CommonExecutor.accessTestCaseMainPhase(CommonExecutor.java:65)
	at com.kms.katalon.core.main.TestSuiteExecutor.accessTestSuiteMainPhase(TestSuiteExecutor.java:144)
	at com.kms.katalon.core.main.TestSuiteExecutor.execute(TestSuiteExecutor.java:106)
	at com.kms.katalon.core.main.TestCaseMain.startTestSuite(TestCaseMain.java:185)
	at com.kms.katalon.core.main.TestCaseMain$startTestSuite$0.call(Unknown Source)
	at TempTestSuite1660915280550.run(TempTestSuite1660915280550.groovy:36)


2022-08-19 21:21:46 - [TEST_STEP][PASSED] - if (getTestCaseId().contains("API Testing")): null

2022-08-19 21:21:46 - [TEST_STEP][PASSED] - openBrowser(""): Browser is opened with url: ''

2022-08-19 21:21:46 - [MESSAGE][INFO] - Starting 'Chrome' driver

2022-08-19 21:21:46 - [MESSAGE][INFO] - Action delay is set to 500 milliseconds

2022-08-19 21:21:47 - [MESSAGE][PASSED] - Browser is opened with url: ''

2022-08-19 21:21:47 - [TEST_STEP][PASSED] - maximizeWindow(): Current window maximized

2022-08-19 21:21:48 - [MESSAGE][PASSED] - Current window maximized

2022-08-19 21:21:48 - [TEST_STEP][ERROR] - navigateToUrl(url): groovy.lang.MissingPropertyException: No such property: url for class: internal.GlobalVariable
	at TestListener.beforeTestcase(TestListener.groovy:38)
	at TestListener.invokeMethod(TestListener.groovy)
	at com.kms.katalon.core.context.internal.TestHooker.invokeMethod(TestHooker.java:111)
	at com.kms.katalon.core.context.internal.TestHooker.lambda$3(TestHooker.java:95)
	at com.kms.katalon.core.context.internal.TestHooker.invokeContextMethods(TestHooker.java:94)
	at com.kms.katalon.core.context.internal.TestListenerCollector.lambda$3(TestListenerCollector.java:88)
	at com.kms.katalon.core.context.internal.TestListenerCollector.handleListenerEvent(TestListenerCollector.java:85)
	at com.kms.katalon.core.context.internal.ExecutionEventManager.publicEvent(ExecutionEventManager.java:36)
	at com.kms.katalon.core.main.TestCaseExecutor.execute(TestCaseExecutor.java:268)
	at com.kms.katalon.core.common.CommonExecutor.accessTestCaseMainPhase(CommonExecutor.java:65)
	at com.kms.katalon.core.main.TestSuiteExecutor.accessTestSuiteMainPhase(TestSuiteExecutor.java:144)
	at com.kms.katalon.core.main.TestSuiteExecutor.execute(TestSuiteExecutor.java:106)
	at com.kms.katalon.core.main.TestCaseMain.startTestSuite(TestCaseMain.java:185)
	at com.kms.katalon.core.main.TestCaseMain$startTestSuite$0.call(Unknown Source)
	at TempTestSuite1660915280550.run(TempTestSuite1660915280550.groovy:36)


2022-08-19 21:21:48 - [MESSAGE][ERROR] - groovy.lang.MissingPropertyException: No such property: url for class: internal.GlobalVariable
	at TestListener.beforeTestcase(TestListener.groovy:38)
	at TestListener.invokeMethod(TestListener.groovy)
	at com.kms.katalon.core.context.internal.TestHooker.invokeMethod(TestHooker.java:111)
	at com.kms.katalon.core.context.internal.TestHooker.lambda$3(TestHooker.java:95)
	at com.kms.katalon.core.context.internal.TestHooker.invokeContextMethods(TestHooker.java:94)
	at com.kms.katalon.core.context.internal.TestListenerCollector.lambda$3(TestListenerCollector.java:88)
	at com.kms.katalon.core.context.internal.TestListenerCollector.handleListenerEvent(TestListenerCollector.java:85)
	at com.kms.katalon.core.context.internal.ExecutionEventManager.publicEvent(ExecutionEventManager.java:36)
	at com.kms.katalon.core.main.TestCaseExecutor.execute(TestCaseExecutor.java:268)
	at com.kms.katalon.core.common.CommonExecutor.accessTestCaseMainPhase(CommonExecutor.java:65)
	at com.kms.katalon.core.main.TestSuiteExecutor.accessTestSuiteMainPhase(TestSuiteExecutor.java:144)
	at com.kms.katalon.core.main.TestSuiteExecutor.execute(TestSuiteExecutor.java:106)
	at com.kms.katalon.core.main.TestCaseMain.startTestSuite(TestCaseMain.java:185)
	at com.kms.katalon.core.main.TestCaseMain$startTestSuite$0.call(Unknown Source)
	at TempTestSuite1660915280550.run(TempTestSuite1660915280550.groovy:36)


2022-08-19 21:21:48 - [TEST_STEP][PASSED] - callTestCase(findTestCase("UI Testing/Pages/Open Browser/Open the Login page"), [:], STOP_ON_FAILURE): Call Test Case 'Test Cases/UI Testing/Pages/Open Browser/Open the Login page' successfully

2022-08-19 21:21:48 - [TEST_CASE][PASSED] - Test Cases/UI Testing/Pages/Open Browser/Open the Login page: Test Cases/UI Testing/Pages/Open Browser/Open the Login page

2022-08-19 21:21:48 - [TEST_STEP][PASSED] - openBrowser(LoginUrl): Browser is opened with url: 'http://localhost:8080/login.jsp'

2022-08-19 21:21:48 - [MESSAGE][WARNING] - A browser is already opened. Closing browser and opening a new one

2022-08-19 21:21:49 - [MESSAGE][INFO] - Starting 'Chrome' driver

2022-08-19 21:21:49 - [MESSAGE][INFO] - Action delay is set to 500 milliseconds

2022-08-19 21:21:52 - [MESSAGE][PASSED] - Browser is opened with url: 'http://localhost:8080/login.jsp'

2022-08-19 21:21:52 - [MESSAGE][PASSED] - Call Test Case 'Test Cases/UI Testing/Pages/Open Browser/Open the Login page' successfully

2022-08-19 21:21:52 - [TEST_STEP][PASSED] - callTestCase(findTestCase("UI Testing/Pages/Login Page/Login with username and password"), ["username":LoginUsername, "password":LoginPassword], STOP_ON_FAILURE): Call Test Case 'Test Cases/UI Testing/Pages/Login Page/Login with username and password' successfully

2022-08-19 21:21:52 - [TEST_CASE][PASSED] - Test Cases/UI Testing/Pages/Login Page/Login with username and password: Test Cases/UI Testing/Pages/Login Page/Login with username and password

2022-08-19 21:21:52 - [TEST_STEP][PASSED] - setText(findTestObject("UI Test Objects/Pages/Login Page/elUsername"), username): Text 'admin' is set on object 'Object Repository/UI Test Objects/Pages/Login Page/elUsername'

2022-08-19 21:21:54 - [MESSAGE][PASSED] - Text 'admin' is set on object 'Object Repository/UI Test Objects/Pages/Login Page/elUsername'

2022-08-19 21:21:54 - [TEST_STEP][PASSED] - setText(findTestObject("UI Test Objects/Pages/Login Page/elPassword"), password): Text 'admin@123' is set on object 'Object Repository/UI Test Objects/Pages/Login Page/elPassword'

2022-08-19 21:21:55 - [MESSAGE][PASSED] - Text 'admin@123' is set on object 'Object Repository/UI Test Objects/Pages/Login Page/elPassword'

2022-08-19 21:21:55 - [TEST_STEP][PASSED] - click(findTestObject("UI Test Objects/Pages/Login Page/elLogin")): Object: 'Object Repository/UI Test Objects/Pages/Login Page/elLogin' is clicked on

2022-08-19 21:21:57 - [MESSAGE][PASSED] - Object: 'Object Repository/UI Test Objects/Pages/Login Page/elLogin' is clicked on

2022-08-19 21:21:57 - [MESSAGE][PASSED] - Call Test Case 'Test Cases/UI Testing/Pages/Login Page/Login with username and password' successfully

2022-08-19 21:21:57 - [TEST_STEP][PASSED] - callTestCase(findTestCase("UI Testing/Pages/Master Page/Open the Create Issue form"), [:], STOP_ON_FAILURE): Call Test Case 'Test Cases/UI Testing/Pages/Master Page/Open the Create Issue form' successfully

2022-08-19 21:21:57 - [TEST_CASE][PASSED] - Test Cases/UI Testing/Pages/Master Page/Open the Create Issue form: Test Cases/UI Testing/Pages/Master Page/Open the Create Issue form

2022-08-19 21:21:58 - [TEST_STEP][PASSED] - waitForElementClickable(findTestObject("UI Test Objects/Pages/Master Page/Header/elHeaderItems", ["header_item":"Create"]), 0): Object 'Object Repository/UI Test Objects/Pages/Master Page/Header/elHeaderItems' is clickable

2022-08-19 21:21:58 - [MESSAGE][WARNING] - Timeout '0' is invalid. Using default page load timeout: '30'

2022-08-19 21:21:59 - [MESSAGE][PASSED] - Object 'Object Repository/UI Test Objects/Pages/Master Page/Header/elHeaderItems' is clickable

2022-08-19 21:21:59 - [TEST_STEP][PASSED] - click(findTestObject("UI Test Objects/Pages/Master Page/Header/elHeaderItems", ["header_item":"Create"])): Object: 'Object Repository/UI Test Objects/Pages/Master Page/Header/elHeaderItems' is clicked on

2022-08-19 21:22:00 - [MESSAGE][PASSED] - Object: 'Object Repository/UI Test Objects/Pages/Master Page/Header/elHeaderItems' is clicked on

2022-08-19 21:22:00 - [MESSAGE][PASSED] - Call Test Case 'Test Cases/UI Testing/Pages/Master Page/Open the Create Issue form' successfully

2022-08-19 21:22:00 - [TEST_STEP][PASSED] - callTestCase(findTestCase("UI Testing/Pages/Create Issue Page/Create a new issue with these information"), ["project":project, "issueType":issueType, "priority":priority, "description":description, "summary":summary], STOP_ON_FAILURE): Call Test Case 'Test Cases/UI Testing/Pages/Create Issue Page/Create a new issue with these information' successfully

2022-08-19 21:22:00 - [TEST_CASE][PASSED] - Test Cases/UI Testing/Pages/Create Issue Page/Create a new issue with these information: Test Cases/UI Testing/Pages/Create Issue Page/Create a new issue with these information

2022-08-19 21:22:00 - [TEST_STEP][PASSED] - waitForElementVisible(findTestObject("UI Test Objects/Pages/Create Issue Page/elRoot"), ElementTimeout): Object 'Object Repository/UI Test Objects/Pages/Create Issue Page/elRoot' is visible

2022-08-19 21:22:02 - [MESSAGE][PASSED] - Object 'Object Repository/UI Test Objects/Pages/Create Issue Page/elRoot' is visible

2022-08-19 21:22:02 - [TEST_STEP][PASSED] - verifyElementText(findTestObject("UI Test Objects/Pages/Create Issue Page/elTitle"), "Create Issue"): Actual text and expected text of test object 'Object Repository/UI Test Objects/Pages/Create Issue Page/elTitle' are matched.

2022-08-19 21:22:02 - [MESSAGE][PASSED] - Actual text and expected text of test object 'Object Repository/UI Test Objects/Pages/Create Issue Page/elTitle' are matched.

2022-08-19 21:22:02 - [TEST_STEP][PASSED] - waitForElementClickable(findTestObject("UI Test Objects/Pages/Create Issue Page/elSummary"), ElementTimeout): Object 'Object Repository/UI Test Objects/Pages/Create Issue Page/elSummary' is clickable

2022-08-19 21:22:02 - [MESSAGE][PASSED] - Object 'Object Repository/UI Test Objects/Pages/Create Issue Page/elSummary' is clickable

2022-08-19 21:22:02 - [TEST_STEP][PASSED] - setText(findTestObject("UI Test Objects/Pages/Create Issue Page/elSummary"), "Demo"): Text 'Demo' is set on object 'Object Repository/UI Test Objects/Pages/Create Issue Page/elSummary'

2022-08-19 21:22:04 - [MESSAGE][PASSED] - Text 'Demo' is set on object 'Object Repository/UI Test Objects/Pages/Create Issue Page/elSummary'

2022-08-19 21:22:04 - [TEST_STEP][PASSED] - waitForElementClickable(findTestObject("UI Test Objects/Pages/Create Issue Page/elCreate"), ElementTimeout): Object 'Object Repository/UI Test Objects/Pages/Create Issue Page/elCreate' is clickable

2022-08-19 21:22:05 - [MESSAGE][PASSED] - Object 'Object Repository/UI Test Objects/Pages/Create Issue Page/elCreate' is clickable

2022-08-19 21:22:05 - [TEST_STEP][PASSED] - click(findTestObject("UI Test Objects/Pages/Create Issue Page/elCreate")): Object: 'Object Repository/UI Test Objects/Pages/Create Issue Page/elCreate' is clicked on

2022-08-19 21:22:06 - [MESSAGE][PASSED] - Object: 'Object Repository/UI Test Objects/Pages/Create Issue Page/elCreate' is clicked on

2022-08-19 21:22:06 - [TEST_STEP][PASSED] - verifyElementVisible(findTestObject("UI Test Objects/Pages/Master Page/elFlag")): Object 'Object Repository/UI Test Objects/Pages/Master Page/elFlag' is visible

2022-08-19 21:22:07 - [MESSAGE][PASSED] - Object 'Object Repository/UI Test Objects/Pages/Master Page/elFlag' is visible

2022-08-19 21:22:07 - [MESSAGE][PASSED] - Call Test Case 'Test Cases/UI Testing/Pages/Create Issue Page/Create a new issue with these information' successfully

2022-08-19 21:22:07 - [TEST_STEP][PASSED] - Start listener action : afterTestcase: Browser is closed

2022-08-19 21:22:07 - [TEST_STEP][PASSED] - if (getTestCaseId().contains("API Testing")): null

2022-08-19 21:22:07 - [TEST_STEP][PASSED] - closeBrowser(): Browser is closed

2022-08-19 21:22:07 - [MESSAGE][PASSED] - Browser is closed]]></system-out>
         <system-err><![CDATA[]]></system-err>
      </testcase>
      <system-out><![CDATA[2022-08-19 21:21:29 - [TEST_SUITE][PASSED] - Successful tests: Test Cases/UI Testing/Tests/Create Issue Test/User should be able to create issue successfully]]></system-out>
      <system-err><![CDATA[]]></system-err>
   </testsuite>
</testsuites>
