<?xml version="1.0" encoding="UTF-8"?>
<testsuites name="Successful tests" time="33.383" tests="2" failures="0" errors="1">
   <testsuite name="Successful tests" tests="2" failures="0" errors="1" time="33.383" skipped="0" timestamp="2022-08-19 20:52:21" hostname="AMKELIAN - N5088.slake.sssb.com" id="Test Suites/Smoke Tests/Successful tests">
      <properties>
         <property name="deviceName" value=""/>
         <property name="devicePlatform" value=""/>
         <property name="logFolder" value="D:\\andylke\\projects\\andylke\\demo-katalon-jira\\demo\\Reports\\20220819_205211\\Smoke Tests\\Successful tests\\20220819_205211"/>
         <property name="logFiles" value="D:\\andylke\\projects\\andylke\\demo-katalon-jira\\demo\\Reports\\20220819_205211\\Smoke Tests\\Successful tests\\20220819_205211\\execution0.log"/>
         <property name="attachments" value=""/>
         <property name="hostName" value="AMKELIAN - N5088.slake.sssb.com"/>
         <property name="os" value="Windows 10 64bit"/>
         <property name="katalonVersion" value="8.4.1.208"/>
         <property name="browser" value="Chrome 104.0.5112.102"/>
         <property name="hostAddress" value="192.168.56.1"/>
         <property name="sessionId" value="050e585e24a13436e6a68ac46f8b75f6"/>
         <property name="seleniumVersion" value="3.141.59"/>
         <property name="proxyInformation" value="ProxyInformation { proxyOption=NO_PROXY, proxyServerType=HTTP, username=, password=********, proxyServerAddress=, proxyServerPort=0, executionList=&quot;&quot;, isApplyToDesiredCapabilities=true }"/>
         <property name="platform" value="Windows 10"/>
      </properties>
      <testcase name="Test Cases/UI Testing/Tests/Login Test/User should login successfully with a valid account" time="18.63" classname="Test Cases/UI Testing/Tests/Login Test/User should login successfully with a valid account" status="PASSED">
         <system-out><![CDATA[2022-08-19 20:52:21 - [TEST_CASE][PASSED] - Test Cases/UI Testing/Tests/Login Test/User should login successfully with a valid account: Test Cases/UI Testing/Tests/Login Test/User should login successfully with a valid account

2022-08-19 20:52:21 - [TEST_STEP][ERROR] - Start listener action : beforeTestcase: groovy.lang.MissingPropertyException: No such property: url for class: internal.GlobalVariable
	at TestListener.beforeTestcase(TestListener.groovy:38)
	at TestListener.invokeMethod(TestListener.groovy)
	at com.kms.katalon.core.context.internal.TestHooker.invokeMethod(TestHooker.java:111)
	at com.kms.katalon.core.context.internal.TestHooker.lambda$3(TestHooker.java:95)
	at com.kms.katalon.core.context.internal.TestHooker.invokeContextMethods(TestHooker.java:94)
	at com.kms.katalon.core.context.internal.TestListenerCollector.lambda$3(TestListenerCollector.java:88)
	at com.kms.katalon.core.context.internal.TestListenerCollector.handleListenerEvent(TestListenerCollector.java:85)
	at com.kms.katalon.core.context.internal.ExecutionEventManager.publicEvent(ExecutionEventManager.java:36)
	at com.kms.katalon.core.main.TestCaseExecutor.execute(TestCaseExecutor.java:268)
	at com.kms.katalon.core.common.CommonExecutor.accessTestCaseMainPhase(CommonExecutor.java:65)
	at com.kms.katalon.core.main.TestSuiteExecutor.accessTestSuiteMainPhase(TestSuiteExecutor.java:144)
	at com.kms.katalon.core.main.TestSuiteExecutor.execute(TestSuiteExecutor.java:106)
	at com.kms.katalon.core.main.TestCaseMain.startTestSuite(TestCaseMain.java:185)
	at com.kms.katalon.core.main.TestCaseMain$startTestSuite$0.call(Unknown Source)
	at TempTestSuite1660913531172.run(TempTestSuite1660913531172.groovy:36)


2022-08-19 20:52:21 - [TEST_STEP][PASSED] - if (getTestCaseId().contains("API Testing")): null

2022-08-19 20:52:21 - [TEST_STEP][PASSED] - openBrowser(""): Browser is opened with url: ''

2022-08-19 20:52:21 - [MESSAGE][INFO] - Starting 'Chrome' driver

2022-08-19 20:52:21 - [MESSAGE][INFO] - Action delay is set to 500 milliseconds

2022-08-19 20:52:25 - [MESSAGE][PASSED] - Browser is opened with url: ''

2022-08-19 20:52:25 - [TEST_STEP][PASSED] - maximizeWindow(): Current window maximized

2022-08-19 20:52:25 - [MESSAGE][PASSED] - Current window maximized

2022-08-19 20:52:25 - [TEST_STEP][ERROR] - navigateToUrl(url): groovy.lang.MissingPropertyException: No such property: url for class: internal.GlobalVariable
	at TestListener.beforeTestcase(TestListener.groovy:38)
	at TestListener.invokeMethod(TestListener.groovy)
	at com.kms.katalon.core.context.internal.TestHooker.invokeMethod(TestHooker.java:111)
	at com.kms.katalon.core.context.internal.TestHooker.lambda$3(TestHooker.java:95)
	at com.kms.katalon.core.context.internal.TestHooker.invokeContextMethods(TestHooker.java:94)
	at com.kms.katalon.core.context.internal.TestListenerCollector.lambda$3(TestListenerCollector.java:88)
	at com.kms.katalon.core.context.internal.TestListenerCollector.handleListenerEvent(TestListenerCollector.java:85)
	at com.kms.katalon.core.context.internal.ExecutionEventManager.publicEvent(ExecutionEventManager.java:36)
	at com.kms.katalon.core.main.TestCaseExecutor.execute(TestCaseExecutor.java:268)
	at com.kms.katalon.core.common.CommonExecutor.accessTestCaseMainPhase(CommonExecutor.java:65)
	at com.kms.katalon.core.main.TestSuiteExecutor.accessTestSuiteMainPhase(TestSuiteExecutor.java:144)
	at com.kms.katalon.core.main.TestSuiteExecutor.execute(TestSuiteExecutor.java:106)
	at com.kms.katalon.core.main.TestCaseMain.startTestSuite(TestCaseMain.java:185)
	at com.kms.katalon.core.main.TestCaseMain$startTestSuite$0.call(Unknown Source)
	at TempTestSuite1660913531172.run(TempTestSuite1660913531172.groovy:36)


2022-08-19 20:52:25 - [MESSAGE][ERROR] - groovy.lang.MissingPropertyException: No such property: url for class: internal.GlobalVariable
	at TestListener.beforeTestcase(TestListener.groovy:38)
	at TestListener.invokeMethod(TestListener.groovy)
	at com.kms.katalon.core.context.internal.TestHooker.invokeMethod(TestHooker.java:111)
	at com.kms.katalon.core.context.internal.TestHooker.lambda$3(TestHooker.java:95)
	at com.kms.katalon.core.context.internal.TestHooker.invokeContextMethods(TestHooker.java:94)
	at com.kms.katalon.core.context.internal.TestListenerCollector.lambda$3(TestListenerCollector.java:88)
	at com.kms.katalon.core.context.internal.TestListenerCollector.handleListenerEvent(TestListenerCollector.java:85)
	at com.kms.katalon.core.context.internal.ExecutionEventManager.publicEvent(ExecutionEventManager.java:36)
	at com.kms.katalon.core.main.TestCaseExecutor.execute(TestCaseExecutor.java:268)
	at com.kms.katalon.core.common.CommonExecutor.accessTestCaseMainPhase(CommonExecutor.java:65)
	at com.kms.katalon.core.main.TestSuiteExecutor.accessTestSuiteMainPhase(TestSuiteExecutor.java:144)
	at com.kms.katalon.core.main.TestSuiteExecutor.execute(TestSuiteExecutor.java:106)
	at com.kms.katalon.core.main.TestCaseMain.startTestSuite(TestCaseMain.java:185)
	at com.kms.katalon.core.main.TestCaseMain$startTestSuite$0.call(Unknown Source)
	at TempTestSuite1660913531172.run(TempTestSuite1660913531172.groovy:36)


2022-08-19 20:52:25 - [TEST_STEP][PASSED] - callTestCase(findTestCase("UI Testing/Pages/Open Browser/Open the Login page"), [:], STOP_ON_FAILURE): Call Test Case 'Test Cases/UI Testing/Pages/Open Browser/Open the Login page' successfully

2022-08-19 20:52:25 - [TEST_CASE][PASSED] - Test Cases/UI Testing/Pages/Open Browser/Open the Login page: Test Cases/UI Testing/Pages/Open Browser/Open the Login page

2022-08-19 20:52:26 - [TEST_STEP][PASSED] - openBrowser(LoginUrl): Browser is opened with url: 'http://localhost:8080/login.jsp'

2022-08-19 20:52:26 - [MESSAGE][WARNING] - A browser is already opened. Closing browser and opening a new one

2022-08-19 20:52:26 - [MESSAGE][INFO] - Starting 'Chrome' driver

2022-08-19 20:52:26 - [MESSAGE][INFO] - Action delay is set to 500 milliseconds

2022-08-19 20:52:31 - [MESSAGE][PASSED] - Browser is opened with url: 'http://localhost:8080/login.jsp'

2022-08-19 20:52:31 - [MESSAGE][PASSED] - Call Test Case 'Test Cases/UI Testing/Pages/Open Browser/Open the Login page' successfully

2022-08-19 20:52:31 - [TEST_STEP][PASSED] - verifyTextPresent("Welcome to JIRA", false): Text 'Welcome to JIRA' is present on page 

2022-08-19 20:52:32 - [MESSAGE][PASSED] - Text 'Welcome to JIRA' is present on page 

2022-08-19 20:52:32 - [TEST_STEP][PASSED] - callTestCase(findTestCase("UI Testing/Pages/Login Page/Login with username and password"), ["username":LoginUsername, "password":LoginPassword], STOP_ON_FAILURE): Call Test Case 'Test Cases/UI Testing/Pages/Login Page/Login with username and password' successfully

2022-08-19 20:52:32 - [TEST_CASE][PASSED] - Test Cases/UI Testing/Pages/Login Page/Login with username and password: Test Cases/UI Testing/Pages/Login Page/Login with username and password

2022-08-19 20:52:32 - [TEST_STEP][PASSED] - setText(findTestObject("UI Test Objects/Pages/Login Page/elUsername"), username): Text 'admin' is set on object 'Object Repository/UI Test Objects/Pages/Login Page/elUsername'

2022-08-19 20:52:34 - [MESSAGE][PASSED] - Text 'admin' is set on object 'Object Repository/UI Test Objects/Pages/Login Page/elUsername'

2022-08-19 20:52:34 - [TEST_STEP][PASSED] - setText(findTestObject("UI Test Objects/Pages/Login Page/elPassword"), password): Text 'admin@123' is set on object 'Object Repository/UI Test Objects/Pages/Login Page/elPassword'

2022-08-19 20:52:36 - [MESSAGE][PASSED] - Text 'admin@123' is set on object 'Object Repository/UI Test Objects/Pages/Login Page/elPassword'

2022-08-19 20:52:36 - [TEST_STEP][PASSED] - click(findTestObject("UI Test Objects/Pages/Login Page/elLogin")): Object: 'Object Repository/UI Test Objects/Pages/Login Page/elLogin' is clicked on

2022-08-19 20:52:37 - [MESSAGE][PASSED] - Object: 'Object Repository/UI Test Objects/Pages/Login Page/elLogin' is clicked on

2022-08-19 20:52:37 - [MESSAGE][PASSED] - Call Test Case 'Test Cases/UI Testing/Pages/Login Page/Login with username and password' successfully

2022-08-19 20:52:37 - [TEST_STEP][PASSED] - verifyTextPresent("System Dashboard", false): Text 'System Dashboard' is present on page 

2022-08-19 20:52:39 - [MESSAGE][PASSED] - Text 'System Dashboard' is present on page 

2022-08-19 20:52:39 - [TEST_STEP][PASSED] - Start listener action : afterTestcase: Browser is closed

2022-08-19 20:52:39 - [TEST_STEP][PASSED] - if (getTestCaseId().contains("API Testing")): null

2022-08-19 20:52:39 - [TEST_STEP][PASSED] - closeBrowser(): Browser is closed

2022-08-19 20:52:40 - [MESSAGE][PASSED] - Browser is closed]]></system-out>
         <system-err><![CDATA[]]></system-err>
      </testcase>
      <testcase name="Test Cases/UI Testing/Tests/Create Issue Test/User should be able to create issue successfully" time="14.416" classname="Test Cases/UI Testing/Tests/Create Issue Test/User should be able to create issue successfully" status="ERROR">
         <error type="ERROR" message="Test Cases/UI Testing/Tests/Create Issue Test/User should be able to create issue successfully FAILED.
Reason:
com.kms.katalon.core.exception.StepErrorException: Call Test Case 'Test Cases/UI Testing/Pages/Create Issue Page/Create a new issue with these information' failed because of error(s)
	at com.kms.katalon.core.keyword.builtin.CallTestCaseKeyword$_callTestCase_closure1.doCall(CallTestCaseKeyword.groovy:66)
	at com.kms.katalon.core.keyword.builtin.CallTestCaseKeyword$_callTestCase_closure1.call(CallTestCaseKeyword.groovy)
	at com.kms.katalon.core.keyword.internal.KeywordMain.runKeyword(KeywordMain.groovy:74)
	at com.kms.katalon.core.keyword.builtin.CallTestCaseKeyword.callTestCase(CallTestCaseKeyword.groovy:81)
	at com.kms.katalon.core.keyword.builtin.CallTestCaseKeyword.execute(CallTestCaseKeyword.groovy:44)
	at com.kms.katalon.core.keyword.internal.KeywordExecutor.executeKeywordForPlatform(KeywordExecutor.groovy:74)
	at com.kms.katalon.core.keyword.BuiltinKeywords.callTestCase(BuiltinKeywords.groovy:334)
	at User should be able to create issue successfully.run(User should be able to create issue successfully:30)
	at com.kms.katalon.core.main.ScriptEngine.run(ScriptEngine.java:194)
	at com.kms.katalon.core.main.ScriptEngine.runScriptAsRawText(ScriptEngine.java:119)
	at com.kms.katalon.core.main.TestCaseExecutor.runScript(TestCaseExecutor.java:448)
	at com.kms.katalon.core.main.TestCaseExecutor.doExecute(TestCaseExecutor.java:439)
	at com.kms.katalon.core.main.TestCaseExecutor.processExecutionPhase(TestCaseExecutor.java:418)
	at com.kms.katalon.core.main.TestCaseExecutor.accessMainPhase(TestCaseExecutor.java:410)
	at com.kms.katalon.core.main.TestCaseExecutor.execute(TestCaseExecutor.java:285)
	at com.kms.katalon.core.common.CommonExecutor.accessTestCaseMainPhase(CommonExecutor.java:65)
	at com.kms.katalon.core.main.TestSuiteExecutor.accessTestSuiteMainPhase(TestSuiteExecutor.java:144)
	at com.kms.katalon.core.main.TestSuiteExecutor.execute(TestSuiteExecutor.java:106)
	at com.kms.katalon.core.main.TestCaseMain.startTestSuite(TestCaseMain.java:185)
	at com.kms.katalon.core.main.TestCaseMain$startTestSuite$0.call(Unknown Source)
	at TempTestSuite1660913531172.run(TempTestSuite1660913531172.groovy:36)
Caused by: groovy.lang.MissingPropertyException: No such property: element_timeout for class: internal.GlobalVariable
	at Create a new issue with these information.run(Create a new issue with these information:22)
	at com.kms.katalon.core.main.ScriptEngine.run(ScriptEngine.java:194)
	at com.kms.katalon.core.main.ScriptEngine.runScriptAsRawText(ScriptEngine.java:119)
	at com.kms.katalon.core.main.TestCaseExecutor.runScript(TestCaseExecutor.java:448)
	at com.kms.katalon.core.main.TestCaseExecutor.doExecute(TestCaseExecutor.java:439)
	at com.kms.katalon.core.main.TestCaseExecutor.processExecutionPhase(TestCaseExecutor.java:418)
	at com.kms.katalon.core.main.TestCaseExecutor.accessMainPhase(TestCaseExecutor.java:410)
	at com.kms.katalon.core.main.TestCaseExecutor.execute(TestCaseExecutor.java:285)
	at com.kms.katalon.core.main.TestCaseMain.runTestCase(TestCaseMain.java:142)
	at com.kms.katalon.core.keyword.builtin.CallTestCaseKeyword$_callTestCase_closure1.doCall(CallTestCaseKeyword.groovy:59)
	... 20 more
"/>
         <system-out><![CDATA[2022-08-19 20:52:40 - [TEST_CASE][ERROR] - Test Cases/UI Testing/Tests/Create Issue Test/User should be able to create issue successfully: Test Cases/UI Testing/Tests/Create Issue Test/User should be able to create issue successfully FAILED.
Reason:
com.kms.katalon.core.exception.StepErrorException: Call Test Case 'Test Cases/UI Testing/Pages/Create Issue Page/Create a new issue with these information' failed because of error(s)
	at com.kms.katalon.core.keyword.builtin.CallTestCaseKeyword$_callTestCase_closure1.doCall(CallTestCaseKeyword.groovy:66)
	at com.kms.katalon.core.keyword.builtin.CallTestCaseKeyword$_callTestCase_closure1.call(CallTestCaseKeyword.groovy)
	at com.kms.katalon.core.keyword.internal.KeywordMain.runKeyword(KeywordMain.groovy:74)
	at com.kms.katalon.core.keyword.builtin.CallTestCaseKeyword.callTestCase(CallTestCaseKeyword.groovy:81)
	at com.kms.katalon.core.keyword.builtin.CallTestCaseKeyword.execute(CallTestCaseKeyword.groovy:44)
	at com.kms.katalon.core.keyword.internal.KeywordExecutor.executeKeywordForPlatform(KeywordExecutor.groovy:74)
	at com.kms.katalon.core.keyword.BuiltinKeywords.callTestCase(BuiltinKeywords.groovy:334)
	at User should be able to create issue successfully.run(User should be able to create issue successfully:30)
	at com.kms.katalon.core.main.ScriptEngine.run(ScriptEngine.java:194)
	at com.kms.katalon.core.main.ScriptEngine.runScriptAsRawText(ScriptEngine.java:119)
	at com.kms.katalon.core.main.TestCaseExecutor.runScript(TestCaseExecutor.java:448)
	at com.kms.katalon.core.main.TestCaseExecutor.doExecute(TestCaseExecutor.java:439)
	at com.kms.katalon.core.main.TestCaseExecutor.processExecutionPhase(TestCaseExecutor.java:418)
	at com.kms.katalon.core.main.TestCaseExecutor.accessMainPhase(TestCaseExecutor.java:410)
	at com.kms.katalon.core.main.TestCaseExecutor.execute(TestCaseExecutor.java:285)
	at com.kms.katalon.core.common.CommonExecutor.accessTestCaseMainPhase(CommonExecutor.java:65)
	at com.kms.katalon.core.main.TestSuiteExecutor.accessTestSuiteMainPhase(TestSuiteExecutor.java:144)
	at com.kms.katalon.core.main.TestSuiteExecutor.execute(TestSuiteExecutor.java:106)
	at com.kms.katalon.core.main.TestCaseMain.startTestSuite(TestCaseMain.java:185)
	at com.kms.katalon.core.main.TestCaseMain$startTestSuite$0.call(Unknown Source)
	at TempTestSuite1660913531172.run(TempTestSuite1660913531172.groovy:36)
Caused by: groovy.lang.MissingPropertyException: No such property: element_timeout for class: internal.GlobalVariable
	at Create a new issue with these information.run(Create a new issue with these information:22)
	at com.kms.katalon.core.main.ScriptEngine.run(ScriptEngine.java:194)
	at com.kms.katalon.core.main.ScriptEngine.runScriptAsRawText(ScriptEngine.java:119)
	at com.kms.katalon.core.main.TestCaseExecutor.runScript(TestCaseExecutor.java:448)
	at com.kms.katalon.core.main.TestCaseExecutor.doExecute(TestCaseExecutor.java:439)
	at com.kms.katalon.core.main.TestCaseExecutor.processExecutionPhase(TestCaseExecutor.java:418)
	at com.kms.katalon.core.main.TestCaseExecutor.accessMainPhase(TestCaseExecutor.java:410)
	at com.kms.katalon.core.main.TestCaseExecutor.execute(TestCaseExecutor.java:285)
	at com.kms.katalon.core.main.TestCaseMain.runTestCase(TestCaseMain.java:142)
	at com.kms.katalon.core.keyword.builtin.CallTestCaseKeyword$_callTestCase_closure1.doCall(CallTestCaseKeyword.groovy:59)
	... 20 more


2022-08-19 20:52:40 - [TEST_STEP][ERROR] - Start listener action : beforeTestcase: groovy.lang.MissingPropertyException: No such property: url for class: internal.GlobalVariable
	at TestListener.beforeTestcase(TestListener.groovy:38)
	at TestListener.invokeMethod(TestListener.groovy)
	at com.kms.katalon.core.context.internal.TestHooker.invokeMethod(TestHooker.java:111)
	at com.kms.katalon.core.context.internal.TestHooker.lambda$3(TestHooker.java:95)
	at com.kms.katalon.core.context.internal.TestHooker.invokeContextMethods(TestHooker.java:94)
	at com.kms.katalon.core.context.internal.TestListenerCollector.lambda$3(TestListenerCollector.java:88)
	at com.kms.katalon.core.context.internal.TestListenerCollector.handleListenerEvent(TestListenerCollector.java:85)
	at com.kms.katalon.core.context.internal.ExecutionEventManager.publicEvent(ExecutionEventManager.java:36)
	at com.kms.katalon.core.main.TestCaseExecutor.execute(TestCaseExecutor.java:268)
	at com.kms.katalon.core.common.CommonExecutor.accessTestCaseMainPhase(CommonExecutor.java:65)
	at com.kms.katalon.core.main.TestSuiteExecutor.accessTestSuiteMainPhase(TestSuiteExecutor.java:144)
	at com.kms.katalon.core.main.TestSuiteExecutor.execute(TestSuiteExecutor.java:106)
	at com.kms.katalon.core.main.TestCaseMain.startTestSuite(TestCaseMain.java:185)
	at com.kms.katalon.core.main.TestCaseMain$startTestSuite$0.call(Unknown Source)
	at TempTestSuite1660913531172.run(TempTestSuite1660913531172.groovy:36)


2022-08-19 20:52:40 - [TEST_STEP][PASSED] - if (getTestCaseId().contains("API Testing")): null

2022-08-19 20:52:40 - [TEST_STEP][PASSED] - openBrowser(""): Browser is opened with url: ''

2022-08-19 20:52:40 - [MESSAGE][INFO] - Starting 'Chrome' driver

2022-08-19 20:52:40 - [MESSAGE][INFO] - Action delay is set to 500 milliseconds

2022-08-19 20:52:41 - [MESSAGE][PASSED] - Browser is opened with url: ''

2022-08-19 20:52:41 - [TEST_STEP][PASSED] - maximizeWindow(): Current window maximized

2022-08-19 20:52:41 - [MESSAGE][PASSED] - Current window maximized

2022-08-19 20:52:41 - [TEST_STEP][ERROR] - navigateToUrl(url): groovy.lang.MissingPropertyException: No such property: url for class: internal.GlobalVariable
	at TestListener.beforeTestcase(TestListener.groovy:38)
	at TestListener.invokeMethod(TestListener.groovy)
	at com.kms.katalon.core.context.internal.TestHooker.invokeMethod(TestHooker.java:111)
	at com.kms.katalon.core.context.internal.TestHooker.lambda$3(TestHooker.java:95)
	at com.kms.katalon.core.context.internal.TestHooker.invokeContextMethods(TestHooker.java:94)
	at com.kms.katalon.core.context.internal.TestListenerCollector.lambda$3(TestListenerCollector.java:88)
	at com.kms.katalon.core.context.internal.TestListenerCollector.handleListenerEvent(TestListenerCollector.java:85)
	at com.kms.katalon.core.context.internal.ExecutionEventManager.publicEvent(ExecutionEventManager.java:36)
	at com.kms.katalon.core.main.TestCaseExecutor.execute(TestCaseExecutor.java:268)
	at com.kms.katalon.core.common.CommonExecutor.accessTestCaseMainPhase(CommonExecutor.java:65)
	at com.kms.katalon.core.main.TestSuiteExecutor.accessTestSuiteMainPhase(TestSuiteExecutor.java:144)
	at com.kms.katalon.core.main.TestSuiteExecutor.execute(TestSuiteExecutor.java:106)
	at com.kms.katalon.core.main.TestCaseMain.startTestSuite(TestCaseMain.java:185)
	at com.kms.katalon.core.main.TestCaseMain$startTestSuite$0.call(Unknown Source)
	at TempTestSuite1660913531172.run(TempTestSuite1660913531172.groovy:36)


2022-08-19 20:52:41 - [MESSAGE][ERROR] - groovy.lang.MissingPropertyException: No such property: url for class: internal.GlobalVariable
	at TestListener.beforeTestcase(TestListener.groovy:38)
	at TestListener.invokeMethod(TestListener.groovy)
	at com.kms.katalon.core.context.internal.TestHooker.invokeMethod(TestHooker.java:111)
	at com.kms.katalon.core.context.internal.TestHooker.lambda$3(TestHooker.java:95)
	at com.kms.katalon.core.context.internal.TestHooker.invokeContextMethods(TestHooker.java:94)
	at com.kms.katalon.core.context.internal.TestListenerCollector.lambda$3(TestListenerCollector.java:88)
	at com.kms.katalon.core.context.internal.TestListenerCollector.handleListenerEvent(TestListenerCollector.java:85)
	at com.kms.katalon.core.context.internal.ExecutionEventManager.publicEvent(ExecutionEventManager.java:36)
	at com.kms.katalon.core.main.TestCaseExecutor.execute(TestCaseExecutor.java:268)
	at com.kms.katalon.core.common.CommonExecutor.accessTestCaseMainPhase(CommonExecutor.java:65)
	at com.kms.katalon.core.main.TestSuiteExecutor.accessTestSuiteMainPhase(TestSuiteExecutor.java:144)
	at com.kms.katalon.core.main.TestSuiteExecutor.execute(TestSuiteExecutor.java:106)
	at com.kms.katalon.core.main.TestCaseMain.startTestSuite(TestCaseMain.java:185)
	at com.kms.katalon.core.main.TestCaseMain$startTestSuite$0.call(Unknown Source)
	at TempTestSuite1660913531172.run(TempTestSuite1660913531172.groovy:36)


2022-08-19 20:52:41 - [TEST_STEP][PASSED] - callTestCase(findTestCase("UI Testing/Pages/Open Browser/Open the Login page"), [:], STOP_ON_FAILURE): Call Test Case 'Test Cases/UI Testing/Pages/Open Browser/Open the Login page' successfully

2022-08-19 20:52:42 - [TEST_CASE][PASSED] - Test Cases/UI Testing/Pages/Open Browser/Open the Login page: Test Cases/UI Testing/Pages/Open Browser/Open the Login page

2022-08-19 20:52:42 - [TEST_STEP][PASSED] - openBrowser(LoginUrl): Browser is opened with url: 'http://localhost:8080/login.jsp'

2022-08-19 20:52:42 - [MESSAGE][WARNING] - A browser is already opened. Closing browser and opening a new one

2022-08-19 20:52:42 - [MESSAGE][INFO] - Starting 'Chrome' driver

2022-08-19 20:52:42 - [MESSAGE][INFO] - Action delay is set to 500 milliseconds

2022-08-19 20:52:45 - [MESSAGE][PASSED] - Browser is opened with url: 'http://localhost:8080/login.jsp'

2022-08-19 20:52:45 - [MESSAGE][PASSED] - Call Test Case 'Test Cases/UI Testing/Pages/Open Browser/Open the Login page' successfully

2022-08-19 20:52:45 - [TEST_STEP][PASSED] - callTestCase(findTestCase("UI Testing/Pages/Login Page/Login with username and password"), ["username":LoginUsername, "password":LoginPassword], STOP_ON_FAILURE): Call Test Case 'Test Cases/UI Testing/Pages/Login Page/Login with username and password' successfully

2022-08-19 20:52:45 - [TEST_CASE][PASSED] - Test Cases/UI Testing/Pages/Login Page/Login with username and password: Test Cases/UI Testing/Pages/Login Page/Login with username and password

2022-08-19 20:52:45 - [TEST_STEP][PASSED] - setText(findTestObject("UI Test Objects/Pages/Login Page/elUsername"), username): Text 'admin' is set on object 'Object Repository/UI Test Objects/Pages/Login Page/elUsername'

2022-08-19 20:52:47 - [MESSAGE][PASSED] - Text 'admin' is set on object 'Object Repository/UI Test Objects/Pages/Login Page/elUsername'

2022-08-19 20:52:47 - [TEST_STEP][PASSED] - setText(findTestObject("UI Test Objects/Pages/Login Page/elPassword"), password): Text 'admin@123' is set on object 'Object Repository/UI Test Objects/Pages/Login Page/elPassword'

2022-08-19 20:52:48 - [MESSAGE][PASSED] - Text 'admin@123' is set on object 'Object Repository/UI Test Objects/Pages/Login Page/elPassword'

2022-08-19 20:52:48 - [TEST_STEP][PASSED] - click(findTestObject("UI Test Objects/Pages/Login Page/elLogin")): Object: 'Object Repository/UI Test Objects/Pages/Login Page/elLogin' is clicked on

2022-08-19 20:52:50 - [MESSAGE][PASSED] - Object: 'Object Repository/UI Test Objects/Pages/Login Page/elLogin' is clicked on

2022-08-19 20:52:50 - [MESSAGE][PASSED] - Call Test Case 'Test Cases/UI Testing/Pages/Login Page/Login with username and password' successfully

2022-08-19 20:52:50 - [TEST_STEP][PASSED] - callTestCase(findTestCase("UI Testing/Pages/Master Page/Open the Create Issue form"), [:], STOP_ON_FAILURE): Call Test Case 'Test Cases/UI Testing/Pages/Master Page/Open the Create Issue form' successfully

2022-08-19 20:52:50 - [TEST_CASE][PASSED] - Test Cases/UI Testing/Pages/Master Page/Open the Create Issue form: Test Cases/UI Testing/Pages/Master Page/Open the Create Issue form

2022-08-19 20:52:51 - [TEST_STEP][PASSED] - waitForElementClickable(findTestObject("UI Test Objects/Pages/Master Page/Header/elHeaderItems", ["header_item":"Create"]), 0): Object 'Object Repository/UI Test Objects/Pages/Master Page/Header/elHeaderItems' is clickable

2022-08-19 20:52:51 - [MESSAGE][WARNING] - Timeout '0' is invalid. Using default page load timeout: '30'

2022-08-19 20:52:51 - [MESSAGE][PASSED] - Object 'Object Repository/UI Test Objects/Pages/Master Page/Header/elHeaderItems' is clickable

2022-08-19 20:52:51 - [TEST_STEP][PASSED] - click(findTestObject("UI Test Objects/Pages/Master Page/Header/elHeaderItems", ["header_item":"Create"])): Object: 'Object Repository/UI Test Objects/Pages/Master Page/Header/elHeaderItems' is clicked on

2022-08-19 20:52:52 - [MESSAGE][PASSED] - Object: 'Object Repository/UI Test Objects/Pages/Master Page/Header/elHeaderItems' is clicked on

2022-08-19 20:52:52 - [MESSAGE][PASSED] - Call Test Case 'Test Cases/UI Testing/Pages/Master Page/Open the Create Issue form' successfully

2022-08-19 20:52:52 - [TEST_STEP][ERROR] - callTestCase(findTestCase("UI Testing/Pages/Create Issue Page/Create a new issue with these information"), ["project":project, "issueType":issueType, "priority":priority, "description":description, "summary":summary], STOP_ON_FAILURE): Test Cases/UI Testing/Tests/Create Issue Test/User should be able to create issue successfully FAILED.
Reason:
com.kms.katalon.core.exception.StepErrorException: Call Test Case 'Test Cases/UI Testing/Pages/Create Issue Page/Create a new issue with these information' failed because of error(s)
	at com.kms.katalon.core.keyword.builtin.CallTestCaseKeyword$_callTestCase_closure1.doCall(CallTestCaseKeyword.groovy:66)
	at com.kms.katalon.core.keyword.builtin.CallTestCaseKeyword$_callTestCase_closure1.call(CallTestCaseKeyword.groovy)
	at com.kms.katalon.core.keyword.internal.KeywordMain.runKeyword(KeywordMain.groovy:74)
	at com.kms.katalon.core.keyword.builtin.CallTestCaseKeyword.callTestCase(CallTestCaseKeyword.groovy:81)
	at com.kms.katalon.core.keyword.builtin.CallTestCaseKeyword.execute(CallTestCaseKeyword.groovy:44)
	at com.kms.katalon.core.keyword.internal.KeywordExecutor.executeKeywordForPlatform(KeywordExecutor.groovy:74)
	at com.kms.katalon.core.keyword.BuiltinKeywords.callTestCase(BuiltinKeywords.groovy:334)
	at User should be able to create issue successfully.run(User should be able to create issue successfully:30)
	at com.kms.katalon.core.main.ScriptEngine.run(ScriptEngine.java:194)
	at com.kms.katalon.core.main.ScriptEngine.runScriptAsRawText(ScriptEngine.java:119)
	at com.kms.katalon.core.main.TestCaseExecutor.runScript(TestCaseExecutor.java:448)
	at com.kms.katalon.core.main.TestCaseExecutor.doExecute(TestCaseExecutor.java:439)
	at com.kms.katalon.core.main.TestCaseExecutor.processExecutionPhase(TestCaseExecutor.java:418)
	at com.kms.katalon.core.main.TestCaseExecutor.accessMainPhase(TestCaseExecutor.java:410)
	at com.kms.katalon.core.main.TestCaseExecutor.execute(TestCaseExecutor.java:285)
	at com.kms.katalon.core.common.CommonExecutor.accessTestCaseMainPhase(CommonExecutor.java:65)
	at com.kms.katalon.core.main.TestSuiteExecutor.accessTestSuiteMainPhase(TestSuiteExecutor.java:144)
	at com.kms.katalon.core.main.TestSuiteExecutor.execute(TestSuiteExecutor.java:106)
	at com.kms.katalon.core.main.TestCaseMain.startTestSuite(TestCaseMain.java:185)
	at com.kms.katalon.core.main.TestCaseMain$startTestSuite$0.call(Unknown Source)
	at TempTestSuite1660913531172.run(TempTestSuite1660913531172.groovy:36)
Caused by: groovy.lang.MissingPropertyException: No such property: element_timeout for class: internal.GlobalVariable
	at Create a new issue with these information.run(Create a new issue with these information:22)
	at com.kms.katalon.core.main.ScriptEngine.run(ScriptEngine.java:194)
	at com.kms.katalon.core.main.ScriptEngine.runScriptAsRawText(ScriptEngine.java:119)
	at com.kms.katalon.core.main.TestCaseExecutor.runScript(TestCaseExecutor.java:448)
	at com.kms.katalon.core.main.TestCaseExecutor.doExecute(TestCaseExecutor.java:439)
	at com.kms.katalon.core.main.TestCaseExecutor.processExecutionPhase(TestCaseExecutor.java:418)
	at com.kms.katalon.core.main.TestCaseExecutor.accessMainPhase(TestCaseExecutor.java:410)
	at com.kms.katalon.core.main.TestCaseExecutor.execute(TestCaseExecutor.java:285)
	at com.kms.katalon.core.main.TestCaseMain.runTestCase(TestCaseMain.java:142)
	at com.kms.katalon.core.keyword.builtin.CallTestCaseKeyword$_callTestCase_closure1.doCall(CallTestCaseKeyword.groovy:59)
	... 20 more


2022-08-19 20:52:52 - [TEST_CASE][ERROR] - Test Cases/UI Testing/Pages/Create Issue Page/Create a new issue with these information: Test Cases/UI Testing/Pages/Create Issue Page/Create a new issue with these information FAILED.
Reason:
groovy.lang.MissingPropertyException: No such property: element_timeout for class: internal.GlobalVariable
	at Create a new issue with these information.run(Create a new issue with these information:22)
	at com.kms.katalon.core.main.ScriptEngine.run(ScriptEngine.java:194)
	at com.kms.katalon.core.main.ScriptEngine.runScriptAsRawText(ScriptEngine.java:119)
	at com.kms.katalon.core.main.TestCaseExecutor.runScript(TestCaseExecutor.java:448)
	at com.kms.katalon.core.main.TestCaseExecutor.doExecute(TestCaseExecutor.java:439)
	at com.kms.katalon.core.main.TestCaseExecutor.processExecutionPhase(TestCaseExecutor.java:418)
	at com.kms.katalon.core.main.TestCaseExecutor.accessMainPhase(TestCaseExecutor.java:410)
	at com.kms.katalon.core.main.TestCaseExecutor.execute(TestCaseExecutor.java:285)
	at com.kms.katalon.core.main.TestCaseMain.runTestCase(TestCaseMain.java:142)
	at com.kms.katalon.core.keyword.builtin.CallTestCaseKeyword$_callTestCase_closure1.doCall(CallTestCaseKeyword.groovy:59)
	at com.kms.katalon.core.keyword.builtin.CallTestCaseKeyword$_callTestCase_closure1.call(CallTestCaseKeyword.groovy)
	at com.kms.katalon.core.keyword.internal.KeywordMain.runKeyword(KeywordMain.groovy:74)
	at com.kms.katalon.core.keyword.builtin.CallTestCaseKeyword.callTestCase(CallTestCaseKeyword.groovy:81)
	at com.kms.katalon.core.keyword.builtin.CallTestCaseKeyword.execute(CallTestCaseKeyword.groovy:44)
	at com.kms.katalon.core.keyword.internal.KeywordExecutor.executeKeywordForPlatform(KeywordExecutor.groovy:74)
	at com.kms.katalon.core.keyword.BuiltinKeywords.callTestCase(BuiltinKeywords.groovy:334)
	at User should be able to create issue successfully.run(User should be able to create issue successfully:30)
	at com.kms.katalon.core.main.ScriptEngine.run(ScriptEngine.java:194)
	at com.kms.katalon.core.main.ScriptEngine.runScriptAsRawText(ScriptEngine.java:119)
	at com.kms.katalon.core.main.TestCaseExecutor.runScript(TestCaseExecutor.java:448)
	at com.kms.katalon.core.main.TestCaseExecutor.doExecute(TestCaseExecutor.java:439)
	at com.kms.katalon.core.main.TestCaseExecutor.processExecutionPhase(TestCaseExecutor.java:418)
	at com.kms.katalon.core.main.TestCaseExecutor.accessMainPhase(TestCaseExecutor.java:410)
	at com.kms.katalon.core.main.TestCaseExecutor.execute(TestCaseExecutor.java:285)
	at com.kms.katalon.core.common.CommonExecutor.accessTestCaseMainPhase(CommonExecutor.java:65)
	at com.kms.katalon.core.main.TestSuiteExecutor.accessTestSuiteMainPhase(TestSuiteExecutor.java:144)
	at com.kms.katalon.core.main.TestSuiteExecutor.execute(TestSuiteExecutor.java:106)
	at com.kms.katalon.core.main.TestCaseMain.startTestSuite(TestCaseMain.java:185)
	at com.kms.katalon.core.main.TestCaseMain$startTestSuite$0.call(Unknown Source)
	at TempTestSuite1660913531172.run(TempTestSuite1660913531172.groovy:36)


2022-08-19 20:52:53 - [TEST_STEP][ERROR] - waitForElementVisible(findTestObject("UI Test Objects/Pages/Create Issue Page/elRoot"), element_timeout): Test Cases/UI Testing/Pages/Create Issue Page/Create a new issue with these information FAILED.
Reason:
groovy.lang.MissingPropertyException: No such property: element_timeout for class: internal.GlobalVariable
	at Create a new issue with these information.run(Create a new issue with these information:22)
	at com.kms.katalon.core.main.ScriptEngine.run(ScriptEngine.java:194)
	at com.kms.katalon.core.main.ScriptEngine.runScriptAsRawText(ScriptEngine.java:119)
	at com.kms.katalon.core.main.TestCaseExecutor.runScript(TestCaseExecutor.java:448)
	at com.kms.katalon.core.main.TestCaseExecutor.doExecute(TestCaseExecutor.java:439)
	at com.kms.katalon.core.main.TestCaseExecutor.processExecutionPhase(TestCaseExecutor.java:418)
	at com.kms.katalon.core.main.TestCaseExecutor.accessMainPhase(TestCaseExecutor.java:410)
	at com.kms.katalon.core.main.TestCaseExecutor.execute(TestCaseExecutor.java:285)
	at com.kms.katalon.core.main.TestCaseMain.runTestCase(TestCaseMain.java:142)
	at com.kms.katalon.core.keyword.builtin.CallTestCaseKeyword$_callTestCase_closure1.doCall(CallTestCaseKeyword.groovy:59)
	at com.kms.katalon.core.keyword.builtin.CallTestCaseKeyword$_callTestCase_closure1.call(CallTestCaseKeyword.groovy)
	at com.kms.katalon.core.keyword.internal.KeywordMain.runKeyword(KeywordMain.groovy:74)
	at com.kms.katalon.core.keyword.builtin.CallTestCaseKeyword.callTestCase(CallTestCaseKeyword.groovy:81)
	at com.kms.katalon.core.keyword.builtin.CallTestCaseKeyword.execute(CallTestCaseKeyword.groovy:44)
	at com.kms.katalon.core.keyword.internal.KeywordExecutor.executeKeywordForPlatform(KeywordExecutor.groovy:74)
	at com.kms.katalon.core.keyword.BuiltinKeywords.callTestCase(BuiltinKeywords.groovy:334)
	at User should be able to create issue successfully.run(User should be able to create issue successfully:30)
	at com.kms.katalon.core.main.ScriptEngine.run(ScriptEngine.java:194)
	at com.kms.katalon.core.main.ScriptEngine.runScriptAsRawText(ScriptEngine.java:119)
	at com.kms.katalon.core.main.TestCaseExecutor.runScript(TestCaseExecutor.java:448)
	at com.kms.katalon.core.main.TestCaseExecutor.doExecute(TestCaseExecutor.java:439)
	at com.kms.katalon.core.main.TestCaseExecutor.processExecutionPhase(TestCaseExecutor.java:418)
	at com.kms.katalon.core.main.TestCaseExecutor.accessMainPhase(TestCaseExecutor.java:410)
	at com.kms.katalon.core.main.TestCaseExecutor.execute(TestCaseExecutor.java:285)
	at com.kms.katalon.core.common.CommonExecutor.accessTestCaseMainPhase(CommonExecutor.java:65)
	at com.kms.katalon.core.main.TestSuiteExecutor.accessTestSuiteMainPhase(TestSuiteExecutor.java:144)
	at com.kms.katalon.core.main.TestSuiteExecutor.execute(TestSuiteExecutor.java:106)
	at com.kms.katalon.core.main.TestCaseMain.startTestSuite(TestCaseMain.java:185)
	at com.kms.katalon.core.main.TestCaseMain$startTestSuite$0.call(Unknown Source)
	at TempTestSuite1660913531172.run(TempTestSuite1660913531172.groovy:36)


2022-08-19 20:52:53 - [MESSAGE][ERROR] - Test Cases/UI Testing/Pages/Create Issue Page/Create a new issue with these information FAILED.
Reason:
groovy.lang.MissingPropertyException: No such property: element_timeout for class: internal.GlobalVariable
	at Create a new issue with these information.run(Create a new issue with these information:22)
	at com.kms.katalon.core.main.ScriptEngine.run(ScriptEngine.java:194)
	at com.kms.katalon.core.main.ScriptEngine.runScriptAsRawText(ScriptEngine.java:119)
	at com.kms.katalon.core.main.TestCaseExecutor.runScript(TestCaseExecutor.java:448)
	at com.kms.katalon.core.main.TestCaseExecutor.doExecute(TestCaseExecutor.java:439)
	at com.kms.katalon.core.main.TestCaseExecutor.processExecutionPhase(TestCaseExecutor.java:418)
	at com.kms.katalon.core.main.TestCaseExecutor.accessMainPhase(TestCaseExecutor.java:410)
	at com.kms.katalon.core.main.TestCaseExecutor.execute(TestCaseExecutor.java:285)
	at com.kms.katalon.core.main.TestCaseMain.runTestCase(TestCaseMain.java:142)
	at com.kms.katalon.core.keyword.builtin.CallTestCaseKeyword$_callTestCase_closure1.doCall(CallTestCaseKeyword.groovy:59)
	at com.kms.katalon.core.keyword.builtin.CallTestCaseKeyword$_callTestCase_closure1.call(CallTestCaseKeyword.groovy)
	at com.kms.katalon.core.keyword.internal.KeywordMain.runKeyword(KeywordMain.groovy:74)
	at com.kms.katalon.core.keyword.builtin.CallTestCaseKeyword.callTestCase(CallTestCaseKeyword.groovy:81)
	at com.kms.katalon.core.keyword.builtin.CallTestCaseKeyword.execute(CallTestCaseKeyword.groovy:44)
	at com.kms.katalon.core.keyword.internal.KeywordExecutor.executeKeywordForPlatform(KeywordExecutor.groovy:74)
	at com.kms.katalon.core.keyword.BuiltinKeywords.callTestCase(BuiltinKeywords.groovy:334)
	at User should be able to create issue successfully.run(User should be able to create issue successfully:30)
	at com.kms.katalon.core.main.ScriptEngine.run(ScriptEngine.java:194)
	at com.kms.katalon.core.main.ScriptEngine.runScriptAsRawText(ScriptEngine.java:119)
	at com.kms.katalon.core.main.TestCaseExecutor.runScript(TestCaseExecutor.java:448)
	at com.kms.katalon.core.main.TestCaseExecutor.doExecute(TestCaseExecutor.java:439)
	at com.kms.katalon.core.main.TestCaseExecutor.processExecutionPhase(TestCaseExecutor.java:418)
	at com.kms.katalon.core.main.TestCaseExecutor.accessMainPhase(TestCaseExecutor.java:410)
	at com.kms.katalon.core.main.TestCaseExecutor.execute(TestCaseExecutor.java:285)
	at com.kms.katalon.core.common.CommonExecutor.accessTestCaseMainPhase(CommonExecutor.java:65)
	at com.kms.katalon.core.main.TestSuiteExecutor.accessTestSuiteMainPhase(TestSuiteExecutor.java:144)
	at com.kms.katalon.core.main.TestSuiteExecutor.execute(TestSuiteExecutor.java:106)
	at com.kms.katalon.core.main.TestCaseMain.startTestSuite(TestCaseMain.java:185)
	at com.kms.katalon.core.main.TestCaseMain$startTestSuite$0.call(Unknown Source)
	at TempTestSuite1660913531172.run(TempTestSuite1660913531172.groovy:36)


2022-08-19 20:52:53 - [MESSAGE][FAILED] - Unable to call Test Case 'Test Cases/UI Testing/Pages/Create Issue Page/Create a new issue with these information' (Root cause: com.kms.katalon.core.exception.StepErrorException: Call Test Case 'Test Cases/UI Testing/Pages/Create Issue Page/Create a new issue with these information' failed because of error(s)
	at com.kms.katalon.core.keyword.builtin.CallTestCaseKeyword$_callTestCase_closure1.doCall(CallTestCaseKeyword.groovy:66)
	at com.kms.katalon.core.keyword.builtin.CallTestCaseKeyword$_callTestCase_closure1.call(CallTestCaseKeyword.groovy)
	at com.kms.katalon.core.keyword.internal.KeywordMain.runKeyword(KeywordMain.groovy:74)
	at com.kms.katalon.core.keyword.builtin.CallTestCaseKeyword.callTestCase(CallTestCaseKeyword.groovy:81)
	at com.kms.katalon.core.keyword.builtin.CallTestCaseKeyword.execute(CallTestCaseKeyword.groovy:44)
	at com.kms.katalon.core.keyword.internal.KeywordExecutor.executeKeywordForPlatform(KeywordExecutor.groovy:74)
	at com.kms.katalon.core.keyword.BuiltinKeywords.callTestCase(BuiltinKeywords.groovy:334)
	at User should be able to create issue successfully.run(User should be able to create issue successfully:30)
	at com.kms.katalon.core.main.ScriptEngine.run(ScriptEngine.java:194)
	at com.kms.katalon.core.main.ScriptEngine.runScriptAsRawText(ScriptEngine.java:119)
	at com.kms.katalon.core.main.TestCaseExecutor.runScript(TestCaseExecutor.java:448)
	at com.kms.katalon.core.main.TestCaseExecutor.doExecute(TestCaseExecutor.java:439)
	at com.kms.katalon.core.main.TestCaseExecutor.processExecutionPhase(TestCaseExecutor.java:418)
	at com.kms.katalon.core.main.TestCaseExecutor.accessMainPhase(TestCaseExecutor.java:410)
	at com.kms.katalon.core.main.TestCaseExecutor.execute(TestCaseExecutor.java:285)
	at com.kms.katalon.core.common.CommonExecutor.accessTestCaseMainPhase(CommonExecutor.java:65)
	at com.kms.katalon.core.main.TestSuiteExecutor.accessTestSuiteMainPhase(TestSuiteExecutor.java:144)
	at com.kms.katalon.core.main.TestSuiteExecutor.execute(TestSuiteExecutor.java:106)
	at com.kms.katalon.core.main.TestCaseMain.startTestSuite(TestCaseMain.java:185)
	at com.kms.katalon.core.main.TestCaseMain$startTestSuite$0.call(Unknown Source)
	at TempTestSuite1660913531172.run(TempTestSuite1660913531172.groovy:36)
Caused by: groovy.lang.MissingPropertyException: No such property: element_timeout for class: internal.GlobalVariable
	at Create a new issue with these information.run(Create a new issue with these information:22)
	at com.kms.katalon.core.main.ScriptEngine.run(ScriptEngine.java:194)
	at com.kms.katalon.core.main.ScriptEngine.runScriptAsRawText(ScriptEngine.java:119)
	at com.kms.katalon.core.main.TestCaseExecutor.runScript(TestCaseExecutor.java:448)
	at com.kms.katalon.core.main.TestCaseExecutor.doExecute(TestCaseExecutor.java:439)
	at com.kms.katalon.core.main.TestCaseExecutor.processExecutionPhase(TestCaseExecutor.java:418)
	at com.kms.katalon.core.main.TestCaseExecutor.accessMainPhase(TestCaseExecutor.java:410)
	at com.kms.katalon.core.main.TestCaseExecutor.execute(TestCaseExecutor.java:285)
	at com.kms.katalon.core.main.TestCaseMain.runTestCase(TestCaseMain.java:142)
	at com.kms.katalon.core.keyword.builtin.CallTestCaseKeyword$_callTestCase_closure1.doCall(CallTestCaseKeyword.groovy:59)
	... 20 more
)

2022-08-19 20:52:53 - [MESSAGE][ERROR] - Test Cases/UI Testing/Tests/Create Issue Test/User should be able to create issue successfully FAILED.
Reason:
com.kms.katalon.core.exception.StepErrorException: Call Test Case 'Test Cases/UI Testing/Pages/Create Issue Page/Create a new issue with these information' failed because of error(s)
	at com.kms.katalon.core.keyword.builtin.CallTestCaseKeyword$_callTestCase_closure1.doCall(CallTestCaseKeyword.groovy:66)
	at com.kms.katalon.core.keyword.builtin.CallTestCaseKeyword$_callTestCase_closure1.call(CallTestCaseKeyword.groovy)
	at com.kms.katalon.core.keyword.internal.KeywordMain.runKeyword(KeywordMain.groovy:74)
	at com.kms.katalon.core.keyword.builtin.CallTestCaseKeyword.callTestCase(CallTestCaseKeyword.groovy:81)
	at com.kms.katalon.core.keyword.builtin.CallTestCaseKeyword.execute(CallTestCaseKeyword.groovy:44)
	at com.kms.katalon.core.keyword.internal.KeywordExecutor.executeKeywordForPlatform(KeywordExecutor.groovy:74)
	at com.kms.katalon.core.keyword.BuiltinKeywords.callTestCase(BuiltinKeywords.groovy:334)
	at User should be able to create issue successfully.run(User should be able to create issue successfully:30)
	at com.kms.katalon.core.main.ScriptEngine.run(ScriptEngine.java:194)
	at com.kms.katalon.core.main.ScriptEngine.runScriptAsRawText(ScriptEngine.java:119)
	at com.kms.katalon.core.main.TestCaseExecutor.runScript(TestCaseExecutor.java:448)
	at com.kms.katalon.core.main.TestCaseExecutor.doExecute(TestCaseExecutor.java:439)
	at com.kms.katalon.core.main.TestCaseExecutor.processExecutionPhase(TestCaseExecutor.java:418)
	at com.kms.katalon.core.main.TestCaseExecutor.accessMainPhase(TestCaseExecutor.java:410)
	at com.kms.katalon.core.main.TestCaseExecutor.execute(TestCaseExecutor.java:285)
	at com.kms.katalon.core.common.CommonExecutor.accessTestCaseMainPhase(CommonExecutor.java:65)
	at com.kms.katalon.core.main.TestSuiteExecutor.accessTestSuiteMainPhase(TestSuiteExecutor.java:144)
	at com.kms.katalon.core.main.TestSuiteExecutor.execute(TestSuiteExecutor.java:106)
	at com.kms.katalon.core.main.TestCaseMain.startTestSuite(TestCaseMain.java:185)
	at com.kms.katalon.core.main.TestCaseMain$startTestSuite$0.call(Unknown Source)
	at TempTestSuite1660913531172.run(TempTestSuite1660913531172.groovy:36)
Caused by: groovy.lang.MissingPropertyException: No such property: element_timeout for class: internal.GlobalVariable
	at Create a new issue with these information.run(Create a new issue with these information:22)
	at com.kms.katalon.core.main.ScriptEngine.run(ScriptEngine.java:194)
	at com.kms.katalon.core.main.ScriptEngine.runScriptAsRawText(ScriptEngine.java:119)
	at com.kms.katalon.core.main.TestCaseExecutor.runScript(TestCaseExecutor.java:448)
	at com.kms.katalon.core.main.TestCaseExecutor.doExecute(TestCaseExecutor.java:439)
	at com.kms.katalon.core.main.TestCaseExecutor.processExecutionPhase(TestCaseExecutor.java:418)
	at com.kms.katalon.core.main.TestCaseExecutor.accessMainPhase(TestCaseExecutor.java:410)
	at com.kms.katalon.core.main.TestCaseExecutor.execute(TestCaseExecutor.java:285)
	at com.kms.katalon.core.main.TestCaseMain.runTestCase(TestCaseMain.java:142)
	at com.kms.katalon.core.keyword.builtin.CallTestCaseKeyword$_callTestCase_closure1.doCall(CallTestCaseKeyword.groovy:59)
	... 20 more


2022-08-19 20:52:53 - [TEST_STEP][PASSED] - Start listener action : afterTestcase: Browser is closed

2022-08-19 20:52:53 - [TEST_STEP][PASSED] - if (getTestCaseId().contains("API Testing")): null

2022-08-19 20:52:53 - [TEST_STEP][PASSED] - closeBrowser(): Browser is closed

2022-08-19 20:52:54 - [MESSAGE][PASSED] - Browser is closed]]></system-out>
         <system-err><![CDATA[2022-08-19 20:52:40 - [TEST_CASE][ERROR] - Test Cases/UI Testing/Tests/Create Issue Test/User should be able to create issue successfully: Test Cases/UI Testing/Tests/Create Issue Test/User should be able to create issue successfully FAILED.
Reason:
com.kms.katalon.core.exception.StepErrorException: Call Test Case 'Test Cases/UI Testing/Pages/Create Issue Page/Create a new issue with these information' failed because of error(s)
	at com.kms.katalon.core.keyword.builtin.CallTestCaseKeyword$_callTestCase_closure1.doCall(CallTestCaseKeyword.groovy:66)
	at com.kms.katalon.core.keyword.builtin.CallTestCaseKeyword$_callTestCase_closure1.call(CallTestCaseKeyword.groovy)
	at com.kms.katalon.core.keyword.internal.KeywordMain.runKeyword(KeywordMain.groovy:74)
	at com.kms.katalon.core.keyword.builtin.CallTestCaseKeyword.callTestCase(CallTestCaseKeyword.groovy:81)
	at com.kms.katalon.core.keyword.builtin.CallTestCaseKeyword.execute(CallTestCaseKeyword.groovy:44)
	at com.kms.katalon.core.keyword.internal.KeywordExecutor.executeKeywordForPlatform(KeywordExecutor.groovy:74)
	at com.kms.katalon.core.keyword.BuiltinKeywords.callTestCase(BuiltinKeywords.groovy:334)
	at User should be able to create issue successfully.run(User should be able to create issue successfully:30)
	at com.kms.katalon.core.main.ScriptEngine.run(ScriptEngine.java:194)
	at com.kms.katalon.core.main.ScriptEngine.runScriptAsRawText(ScriptEngine.java:119)
	at com.kms.katalon.core.main.TestCaseExecutor.runScript(TestCaseExecutor.java:448)
	at com.kms.katalon.core.main.TestCaseExecutor.doExecute(TestCaseExecutor.java:439)
	at com.kms.katalon.core.main.TestCaseExecutor.processExecutionPhase(TestCaseExecutor.java:418)
	at com.kms.katalon.core.main.TestCaseExecutor.accessMainPhase(TestCaseExecutor.java:410)
	at com.kms.katalon.core.main.TestCaseExecutor.execute(TestCaseExecutor.java:285)
	at com.kms.katalon.core.common.CommonExecutor.accessTestCaseMainPhase(CommonExecutor.java:65)
	at com.kms.katalon.core.main.TestSuiteExecutor.accessTestSuiteMainPhase(TestSuiteExecutor.java:144)
	at com.kms.katalon.core.main.TestSuiteExecutor.execute(TestSuiteExecutor.java:106)
	at com.kms.katalon.core.main.TestCaseMain.startTestSuite(TestCaseMain.java:185)
	at com.kms.katalon.core.main.TestCaseMain$startTestSuite$0.call(Unknown Source)
	at TempTestSuite1660913531172.run(TempTestSuite1660913531172.groovy:36)
Caused by: groovy.lang.MissingPropertyException: No such property: element_timeout for class: internal.GlobalVariable
	at Create a new issue with these information.run(Create a new issue with these information:22)
	at com.kms.katalon.core.main.ScriptEngine.run(ScriptEngine.java:194)
	at com.kms.katalon.core.main.ScriptEngine.runScriptAsRawText(ScriptEngine.java:119)
	at com.kms.katalon.core.main.TestCaseExecutor.runScript(TestCaseExecutor.java:448)
	at com.kms.katalon.core.main.TestCaseExecutor.doExecute(TestCaseExecutor.java:439)
	at com.kms.katalon.core.main.TestCaseExecutor.processExecutionPhase(TestCaseExecutor.java:418)
	at com.kms.katalon.core.main.TestCaseExecutor.accessMainPhase(TestCaseExecutor.java:410)
	at com.kms.katalon.core.main.TestCaseExecutor.execute(TestCaseExecutor.java:285)
	at com.kms.katalon.core.main.TestCaseMain.runTestCase(TestCaseMain.java:142)
	at com.kms.katalon.core.keyword.builtin.CallTestCaseKeyword$_callTestCase_closure1.doCall(CallTestCaseKeyword.groovy:59)
	... 20 more]]></system-err>
      </testcase>
      <system-out><![CDATA[2022-08-19 20:52:21 - [TEST_SUITE][ERROR] - Successful tests: Test Cases/UI Testing/Tests/Create Issue Test/User should be able to create issue successfully FAILED.
Reason:
com.kms.katalon.core.exception.StepErrorException: Call Test Case 'Test Cases/UI Testing/Pages/Create Issue Page/Create a new issue with these information' failed because of error(s)
	at com.kms.katalon.core.keyword.builtin.CallTestCaseKeyword$_callTestCase_closure1.doCall(CallTestCaseKeyword.groovy:66)
	at com.kms.katalon.core.keyword.builtin.CallTestCaseKeyword$_callTestCase_closure1.call(CallTestCaseKeyword.groovy)
	at com.kms.katalon.core.keyword.internal.KeywordMain.runKeyword(KeywordMain.groovy:74)
	at com.kms.katalon.core.keyword.builtin.CallTestCaseKeyword.callTestCase(CallTestCaseKeyword.groovy:81)
	at com.kms.katalon.core.keyword.builtin.CallTestCaseKeyword.execute(CallTestCaseKeyword.groovy:44)
	at com.kms.katalon.core.keyword.internal.KeywordExecutor.executeKeywordForPlatform(KeywordExecutor.groovy:74)
	at com.kms.katalon.core.keyword.BuiltinKeywords.callTestCase(BuiltinKeywords.groovy:334)
	at User should be able to create issue successfully.run(User should be able to create issue successfully:30)
	at com.kms.katalon.core.main.ScriptEngine.run(ScriptEngine.java:194)
	at com.kms.katalon.core.main.ScriptEngine.runScriptAsRawText(ScriptEngine.java:119)
	at com.kms.katalon.core.main.TestCaseExecutor.runScript(TestCaseExecutor.java:448)
	at com.kms.katalon.core.main.TestCaseExecutor.doExecute(TestCaseExecutor.java:439)
	at com.kms.katalon.core.main.TestCaseExecutor.processExecutionPhase(TestCaseExecutor.java:418)
	at com.kms.katalon.core.main.TestCaseExecutor.accessMainPhase(TestCaseExecutor.java:410)
	at com.kms.katalon.core.main.TestCaseExecutor.execute(TestCaseExecutor.java:285)
	at com.kms.katalon.core.common.CommonExecutor.accessTestCaseMainPhase(CommonExecutor.java:65)
	at com.kms.katalon.core.main.TestSuiteExecutor.accessTestSuiteMainPhase(TestSuiteExecutor.java:144)
	at com.kms.katalon.core.main.TestSuiteExecutor.execute(TestSuiteExecutor.java:106)
	at com.kms.katalon.core.main.TestCaseMain.startTestSuite(TestCaseMain.java:185)
	at com.kms.katalon.core.main.TestCaseMain$startTestSuite$0.call(Unknown Source)
	at TempTestSuite1660913531172.run(TempTestSuite1660913531172.groovy:36)
Caused by: groovy.lang.MissingPropertyException: No such property: element_timeout for class: internal.GlobalVariable
	at Create a new issue with these information.run(Create a new issue with these information:22)
	at com.kms.katalon.core.main.ScriptEngine.run(ScriptEngine.java:194)
	at com.kms.katalon.core.main.ScriptEngine.runScriptAsRawText(ScriptEngine.java:119)
	at com.kms.katalon.core.main.TestCaseExecutor.runScript(TestCaseExecutor.java:448)
	at com.kms.katalon.core.main.TestCaseExecutor.doExecute(TestCaseExecutor.java:439)
	at com.kms.katalon.core.main.TestCaseExecutor.processExecutionPhase(TestCaseExecutor.java:418)
	at com.kms.katalon.core.main.TestCaseExecutor.accessMainPhase(TestCaseExecutor.java:410)
	at com.kms.katalon.core.main.TestCaseExecutor.execute(TestCaseExecutor.java:285)
	at com.kms.katalon.core.main.TestCaseMain.runTestCase(TestCaseMain.java:142)
	at com.kms.katalon.core.keyword.builtin.CallTestCaseKeyword$_callTestCase_closure1.doCall(CallTestCaseKeyword.groovy:59)
	... 20 more]]></system-out>
      <system-err><![CDATA[2022-08-19 20:52:21 - [TEST_SUITE][ERROR] - Successful tests: Test Cases/UI Testing/Tests/Create Issue Test/User should be able to create issue successfully FAILED.
Reason:
com.kms.katalon.core.exception.StepErrorException: Call Test Case 'Test Cases/UI Testing/Pages/Create Issue Page/Create a new issue with these information' failed because of error(s)
	at com.kms.katalon.core.keyword.builtin.CallTestCaseKeyword$_callTestCase_closure1.doCall(CallTestCaseKeyword.groovy:66)
	at com.kms.katalon.core.keyword.builtin.CallTestCaseKeyword$_callTestCase_closure1.call(CallTestCaseKeyword.groovy)
	at com.kms.katalon.core.keyword.internal.KeywordMain.runKeyword(KeywordMain.groovy:74)
	at com.kms.katalon.core.keyword.builtin.CallTestCaseKeyword.callTestCase(CallTestCaseKeyword.groovy:81)
	at com.kms.katalon.core.keyword.builtin.CallTestCaseKeyword.execute(CallTestCaseKeyword.groovy:44)
	at com.kms.katalon.core.keyword.internal.KeywordExecutor.executeKeywordForPlatform(KeywordExecutor.groovy:74)
	at com.kms.katalon.core.keyword.BuiltinKeywords.callTestCase(BuiltinKeywords.groovy:334)
	at User should be able to create issue successfully.run(User should be able to create issue successfully:30)
	at com.kms.katalon.core.main.ScriptEngine.run(ScriptEngine.java:194)
	at com.kms.katalon.core.main.ScriptEngine.runScriptAsRawText(ScriptEngine.java:119)
	at com.kms.katalon.core.main.TestCaseExecutor.runScript(TestCaseExecutor.java:448)
	at com.kms.katalon.core.main.TestCaseExecutor.doExecute(TestCaseExecutor.java:439)
	at com.kms.katalon.core.main.TestCaseExecutor.processExecutionPhase(TestCaseExecutor.java:418)
	at com.kms.katalon.core.main.TestCaseExecutor.accessMainPhase(TestCaseExecutor.java:410)
	at com.kms.katalon.core.main.TestCaseExecutor.execute(TestCaseExecutor.java:285)
	at com.kms.katalon.core.common.CommonExecutor.accessTestCaseMainPhase(CommonExecutor.java:65)
	at com.kms.katalon.core.main.TestSuiteExecutor.accessTestSuiteMainPhase(TestSuiteExecutor.java:144)
	at com.kms.katalon.core.main.TestSuiteExecutor.execute(TestSuiteExecutor.java:106)
	at com.kms.katalon.core.main.TestCaseMain.startTestSuite(TestCaseMain.java:185)
	at com.kms.katalon.core.main.TestCaseMain$startTestSuite$0.call(Unknown Source)
	at TempTestSuite1660913531172.run(TempTestSuite1660913531172.groovy:36)
Caused by: groovy.lang.MissingPropertyException: No such property: element_timeout for class: internal.GlobalVariable
	at Create a new issue with these information.run(Create a new issue with these information:22)
	at com.kms.katalon.core.main.ScriptEngine.run(ScriptEngine.java:194)
	at com.kms.katalon.core.main.ScriptEngine.runScriptAsRawText(ScriptEngine.java:119)
	at com.kms.katalon.core.main.TestCaseExecutor.runScript(TestCaseExecutor.java:448)
	at com.kms.katalon.core.main.TestCaseExecutor.doExecute(TestCaseExecutor.java:439)
	at com.kms.katalon.core.main.TestCaseExecutor.processExecutionPhase(TestCaseExecutor.java:418)
	at com.kms.katalon.core.main.TestCaseExecutor.accessMainPhase(TestCaseExecutor.java:410)
	at com.kms.katalon.core.main.TestCaseExecutor.execute(TestCaseExecutor.java:285)
	at com.kms.katalon.core.main.TestCaseMain.runTestCase(TestCaseMain.java:142)
	at com.kms.katalon.core.keyword.builtin.CallTestCaseKeyword$_callTestCase_closure1.doCall(CallTestCaseKeyword.groovy:59)
	... 20 more]]></system-err>
   </testsuite>
</testsuites>
